<?xml version="1.0" encoding="UTF-8"?>
<!-- Generated by org.testng.reporters.JUnitReportReporter -->
<testsuite hostname="PN-C-0010" failures="0" tests="4" name="testNG.dataProviderClass" time="24.159" errors="0" timestamp="2024-03-21T19:22:25 IST" skipped="0">
  <testcase classname="testNG.dataProviderClass" name="loginfunction" time="5.911"/>
  <system-out/>
  <testcase classname="testNG.dataProviderClass" name="loginfunction" time="6.645"/>
  <system-out/>
  <testcase classname="testNG.dataProviderClass" name="loginfunction" time="5.859"/>
  <system-out/>
  <testcase classname="testNG.dataProviderClass" name="loginfunction" time="5.744"/>
  <system-out/>
</testsuite> <!-- testNG.dataProviderClass -->
