<?xml version="1.0" encoding="UTF-8"?>
<!-- Generated by org.testng.reporters.JUnitReportReporter -->
<testsuite hostname="PN-C-0010" failures="0" tests="2" name="testNG.parallelTesting" time="9.497" errors="0" timestamp="2024-03-19T15:19:12 IST" skipped="0">
  <testcase classname="testNG.parallelTesting" name="openBing" time="4.288"/>
  <system-out/>
  <testcase classname="testNG.parallelTesting" name="google" time="5.209"/>
  <system-out/>
</testsuite> <!-- testNG.parallelTesting -->
