<?xml version="1.0" encoding="UTF-8"?>
<!-- Generated by org.testng.reporters.JUnitReportReporter -->
<testsuite hostname="PN-C-0010" failures="0" tests="4" name="testNG.sampleTestCase" time="0.003" errors="0" timestamp="2024-03-19T13:54:39 IST" skipped="0">
  <testcase classname="testNG.sampleTestCase" name="firsttestcase" time="0.000"/>
  <system-out/>
  <testcase classname="testNG.sampleTestCase" name="secondtestcase" time="0.000"/>
  <system-out/>
  <testcase classname="testNG.sampleTestCase" name="thirdtestcase" time="0.002"/>
  <system-out/>
  <testcase classname="testNG.sampleTestCase" name="lasttestcase" time="0.001"/>
  <system-out/>
</testsuite> <!-- testNG.sampleTestCase -->
