<?xml version="1.0" encoding="UTF-8"?>
<!-- Generated by org.testng.reporters.JUnitReportReporter -->
<testsuite hostname="PN-C-0010" failures="0" tests="2" name="testNG.suiteExample" time="2.209" errors="0" timestamp="2024-03-19T15:17:00 IST" skipped="0">
  <testcase classname="testNG.suiteExample" name="openBing" time="0.658"/>
  <system-out/>
  <testcase classname="testNG.suiteExample" name="opengoogle" time="1.551"/>
  <system-out/>
</testsuite> <!-- testNG.suiteExample -->
