<?xml version="1.0" encoding="UTF-8"?>
<!-- Generated by org.testng.reporters.JUnitReportReporter -->
<testsuite hostname="PN-C-0010" failures="0" tests="3" name="testNG.dependency" time="0.009" errors="0" timestamp="2024-03-19T13:54:39 IST" skipped="0">
  <testcase classname="testNG.dependency" name="college" time="0.001"/>
  <system-out/>
  <testcase classname="testNG.dependency" name="highchool" time="0.008"/>
  <system-out/>
  <testcase classname="testNG.dependency" name="highersecondary" time="0.000"/>
  <system-out/>
</testsuite> <!-- testNG.dependency -->
