<?xml version="1.0" encoding="UTF-8"?>
<!-- Generated by org.testng.reporters.JUnitReportReporter -->
<testsuite hostname="PN-C-0010" failures="0" tests="5" name="testNG.skipCase" time="0.001" errors="0" timestamp="2024-03-19T13:54:39 IST" skipped="1">
  <testcase classname="testNG.skipCase" name="startcar" time="0.001"/>
  <system-out/>
  <testcase classname="testNG.skipCase" name="Musicon" time="0.000"/>
  <system-out/>
  <testcase classname="testNG.skipCase" name="putfirstgear" time="0.000"/>
  <system-out/>
  <testcase classname="testNG.skipCase" name="stopcar" time="0.000"/>
  <system-out/>
  <testcase classname="testNG.skipCase" name="putsecondgear">
    <skipped/>
  </testcase> <!-- putsecondgear -->
  <system-out/>
</testsuite> <!-- testNG.skipCase -->
