<?xml version="1.0" encoding="UTF-8"?>
<!-- Generated by org.testng.reporters.JUnitReportReporter -->
<testsuite hostname="PN-C-0010" failures="0" tests="4" name="testNG.dataProvideExcel" time="2.408" errors="0" timestamp="2024-04-02T12:06:19 IST" skipped="0">
  <testcase classname="testNG.dataProvideExcel" name="loginfunction" time="0.438"/>
  <system-out/>
  <testcase classname="testNG.dataProvideExcel" name="loginfunction" time="0.539"/>
  <system-out/>
  <testcase classname="testNG.dataProvideExcel" name="loginfunction" time="0.554"/>
  <system-out/>
  <testcase classname="testNG.dataProvideExcel" name="loginfunction" time="0.877"/>
  <system-out/>
</testsuite> <!-- testNG.dataProvideExcel -->
